TN:
SF:src\application\Services\User\user-service.ts
FN:11,UserService
FN:15,create
FN:19,create
FN:23,getAll
FNF:4
FNH:2
FNDA:1,UserService
FNDA:0,create
FNDA:1,create
FNDA:0,getAll
DA:1,1
DA:2,1
DA:3,1
DA:4,1
DA:5,1
DA:6,1
DA:7,1
DA:8,1
DA:9,1
DA:10,1
DA:11,1
DA:12,1
DA:13,1
DA:14,1
DA:15,1
DA:16,0
DA:17,0
DA:18,1
DA:19,1
DA:20,1
DA:21,1
DA:22,1
DA:23,1
DA:24,0
DA:25,0
DA:26,1
DA:27,1
LF:27
LH:23
BRDA:11,0,0,1
BRDA:19,1,0,1
BRF:2
BRH:2
end_of_record
TN:
SF:src\application\Services\User\Use-cases\CreateUser.ts
FN:8,create
FN:12,CreateUser
FN:16,exec
FNF:3
FNH:3
FNDA:1,create
FNDA:1,CreateUser
FNDA:1,exec
DA:1,1
DA:2,1
DA:3,1
DA:4,1
DA:5,1
DA:6,1
DA:7,1
DA:8,1
DA:9,1
DA:10,1
DA:11,1
DA:12,1
DA:13,1
DA:14,1
DA:15,1
DA:16,1
DA:17,1
DA:18,1
DA:19,1
DA:20,1
LF:20
LH:20
BRDA:8,0,0,1
BRDA:12,1,0,1
BRDA:16,2,0,1
BRF:3
BRH:3
end_of_record
TN:
SF:src\application\Services\User\Use-cases\GetAllUsers.ts
FN:7,create
FN:11,GetAllUser
FN:15,exec
FNF:3
FNH:0
FNDA:0,create
FNDA:0,GetAllUser
FNDA:0,exec
DA:1,1
DA:2,1
DA:3,1
DA:4,1
DA:5,1
DA:6,1
DA:7,1
DA:8,0
DA:9,0
DA:10,1
DA:11,1
DA:12,0
DA:13,0
DA:14,1
DA:15,1
DA:16,0
DA:17,0
DA:18,0
DA:19,1
LF:19
LH:12
BRF:0
BRH:0
end_of_record
TN:
SF:src\domain\Entity\index.ts
FN:4,Entity
FN:9,updateProp
FN:14,getProps
FNF:3
FNH:1
FNDA:1,Entity
FNDA:0,updateProp
FNDA:0,getProps
DA:1,1
DA:2,1
DA:3,1
DA:4,1
DA:5,1
DA:6,1
DA:7,1
DA:8,1
DA:9,1
DA:10,0
DA:11,0
DA:12,0
DA:13,1
DA:14,1
DA:15,0
DA:16,0
DA:17,1
LF:17
LH:12
BRDA:4,0,0,1
BRF:1
BRH:1
end_of_record
TN:
SF:src\domain\User\index.ts
FN:9,User
FN:13,create
FN:18,get id
FN:22,get nombre
FN:26,get segundo_nombre
FN:30,get apellido_paterno
FN:34,get apellido_materno
FN:38,get fecha_de_nacimiento
FN:44,get email
FN:48,get telefono
FN:53,getProps
FNF:11
FNH:3
FNDA:1,User
FNDA:1,create
FNDA:0,get id
FNDA:0,get nombre
FNDA:0,get segundo_nombre
FNDA:0,get apellido_paterno
FNDA:0,get apellido_materno
FNDA:0,get fecha_de_nacimiento
FNDA:0,get email
FNDA:0,get telefono
FNDA:1,getProps
DA:1,1
DA:2,1
DA:3,1
DA:4,1
DA:5,1
DA:6,1
DA:7,1
DA:8,1
DA:9,1
DA:10,1
DA:11,1
DA:12,1
DA:13,1
DA:14,1
DA:15,1
DA:16,1
DA:17,1
DA:18,1
DA:19,0
DA:20,0
DA:21,1
DA:22,1
DA:23,0
DA:24,0
DA:25,1
DA:26,1
DA:27,0
DA:28,0
DA:29,1
DA:30,1
DA:31,0
DA:32,0
DA:33,1
DA:34,1
DA:35,0
DA:36,0
DA:37,1
DA:38,1
DA:39,0
DA:40,0
DA:41,1
DA:42,1
DA:43,1
DA:44,1
DA:45,0
DA:46,0
DA:47,1
DA:48,1
DA:49,0
DA:50,0
DA:51,1
DA:52,1
DA:53,1
DA:54,1
DA:55,1
DA:56,1
LF:56
LH:40
BRDA:9,0,0,1
BRDA:10,1,0,0
BRDA:13,2,0,1
BRDA:53,3,0,1
BRF:4
BRH:3
end_of_record
TN:
SF:src\domain\User\dtos\create-dto.ts
FN:51,create
FN:63,CreateUserDto
FNF:2
FNH:2
FNDA:1,create
FNDA:1,CreateUserDto
DA:1,1
DA:2,1
DA:3,1
DA:4,1
DA:5,1
DA:6,1
DA:7,1
DA:8,1
DA:9,1
DA:10,1
DA:11,1
DA:12,1
DA:13,1
DA:14,1
DA:15,1
DA:16,1
DA:17,1
DA:18,1
DA:19,1
DA:20,1
DA:21,1
DA:22,1
DA:23,1
DA:24,1
DA:25,1
DA:26,1
DA:27,1
DA:28,1
DA:29,1
DA:30,1
DA:31,1
DA:32,1
DA:33,1
DA:34,1
DA:35,1
DA:36,1
DA:37,1
DA:38,1
DA:39,1
DA:40,1
DA:41,1
DA:42,1
DA:43,1
DA:44,1
DA:45,1
DA:46,1
DA:47,1
DA:48,1
DA:49,1
DA:50,1
DA:51,1
DA:52,1
DA:53,1
DA:54,1
DA:55,1
DA:56,1
DA:57,1
DA:58,1
DA:59,1
DA:60,1
DA:61,1
DA:62,1
DA:63,1
DA:64,1
DA:65,1
DA:66,1
DA:67,1
DA:68,1
DA:69,1
DA:70,1
DA:71,1
DA:72,1
DA:73,1
DA:74,1
DA:75,1
DA:76,1
DA:77,1
DA:78,1
DA:79,1
DA:80,1
LF:80
LH:80
BRDA:51,0,0,1
BRDA:63,1,0,1
BRF:2
BRH:2
end_of_record
TN:
SF:src\domain\User\dtos\index.ts
FN:1,get
FN:2,get
FNF:2
FNH:1
FNDA:1,get
FNDA:0,get
DA:1,1
DA:2,1
LF:2
LH:2
BRDA:1,0,0,1
BRF:1
BRH:1
end_of_record
TN:
SF:src\domain\User\dtos\returnUser-dto.ts
FN:39,create
FN:51,ReturnUserDto
FNF:2
FNH:2
FNDA:1,create
FNDA:1,ReturnUserDto
DA:1,1
DA:2,1
DA:3,1
DA:4,1
DA:5,1
DA:6,1
DA:7,1
DA:8,1
DA:9,1
DA:10,1
DA:11,1
DA:12,1
DA:13,1
DA:14,1
DA:15,1
DA:16,1
DA:17,1
DA:18,1
DA:19,1
DA:20,1
DA:21,1
DA:22,1
DA:23,1
DA:24,1
DA:25,1
DA:26,1
DA:27,1
DA:28,1
DA:29,1
DA:30,1
DA:31,1
DA:32,1
DA:33,1
DA:34,1
DA:35,1
DA:36,1
DA:37,1
DA:38,1
DA:39,1
DA:40,1
DA:41,1
DA:42,1
DA:43,1
DA:44,1
DA:45,1
DA:46,1
DA:47,1
DA:48,1
DA:49,1
DA:50,1
DA:51,1
DA:52,1
DA:53,1
DA:54,1
DA:55,1
DA:56,1
DA:57,1
DA:58,1
DA:59,1
DA:60,1
DA:61,1
DA:62,1
DA:63,1
DA:64,1
DA:65,1
DA:66,1
DA:67,1
DA:68,1
LF:68
LH:68
BRDA:39,0,0,1
BRDA:51,1,0,1
BRF:2
BRH:2
end_of_record
TN:
SF:src\libs\UIDgenerator\uid-generator.ts
FN:5,create
FN:9,gen
FNF:2
FNH:2
FNDA:2,create
FNDA:2,gen
DA:1,1
DA:2,1
DA:3,1
DA:4,1
DA:5,1
DA:6,2
DA:7,2
DA:8,1
DA:9,1
DA:10,2
DA:11,2
DA:12,1
LF:12
LH:12
BRDA:5,0,0,2
BRDA:9,1,0,2
BRF:2
BRH:2
end_of_record
TN:
SF:src\libs\helper\FakeUserRepo.ts
FN:8,FakeUserRepo
FNF:1
FNH:1
FNDA:1,FakeUserRepo
DA:1,1
DA:2,1
DA:3,1
DA:4,1
DA:5,1
DA:6,1
DA:7,1
DA:8,1
DA:9,1
DA:10,1
DA:11,1
DA:12,1
DA:13,1
DA:14,1
DA:15,1
DA:16,1
DA:17,1
DA:18,1
DA:19,1
DA:20,1
DA:21,0
DA:22,0
DA:23,1
DA:24,1
DA:25,1
LF:25
LH:23
BRDA:8,0,0,1
BRDA:12,1,0,1
BRF:2
BRH:2
end_of_record
